generate segment for channel: 1
working on 232 sections

  0%|          | 0/232 [00:00<?, ?it/s]
100%|██████████| 232/232 [00:00<00:00, 879817.84it/s]generate segment for channel: 3
working on 444 sections


  0%|          | 0/444 [00:00<?, ?it/s]
100%|██████████| 444/444 [00:00<00:00, 761665.02it/s]
generate segment for channel: 1
working on 0 sections

0it [00:00, ?it/s]
0it [00:00, ?it/s]generate segment for channel: 3
working on 182 sections

python: can't open file 'parallel': [Errno 2] No such file or directory
Traceback (most recent call last):
  File "segment_tifs.py", line 1, in <module>
    from lib.TiffSegmentor import TiffSegmentor
ImportError: No module named lib.TiffSegmentor
generate segment for channel: 1
working on 438 sections
generate segment for channel: 1
working on 438 sections
Traceback (most recent call last):
  File "segment_tifs.py", line 13, in <module>
    segmentor.generate_tiff_segments(channel = 1,create_csv = False)
  File "/data/programming/preprocessing-pipeline/src/lib/TiffSegmentor.py", line 71, in generate_tiff_segments
    for _ in tqdm.tqdm(p.map(workernoshell, commands), total=len(commands)):
  File "/usr/lib/python3.8/multiprocessing/pool.py", line 364, in map
    return self._map_async(func, iterable, mapstar, chunksize).get()
  File "/usr/lib/python3.8/multiprocessing/pool.py", line 765, in get
    self.wait(timeout)
  File "/usr/lib/python3.8/multiprocessing/pool.py", line 762, in wait
    self._event.wait(timeout)
  File "/usr/lib/python3.8/threading.py", line 558, in wait
    signaled = self._cond.wait(timeout)
  File "/usr/lib/python3.8/threading.py", line 302, in wait
    waiter.acquire()
KeyboardInterrupt
generate segment for channel: 1
working on 438 sections
generate segment for channel: 1
working on 0 sections

0it [00:00, ?it/s]
0it [00:00, ?it/s]generate segment for channel: 3
working on 162 sections


  0%|          | 0/162 [00:00<?, ?it/s]
100%|██████████| 162/162 [00:00<00:00, 318704.15it/s]
generate segment for channel: 1
working on 0 sections

0it [00:00, ?it/s]
0it [00:00, ?it/s]generate segment for channel: 3
working on 384 sections


  0%|          | 0/384 [00:00<?, ?it/s]
100%|██████████| 384/384 [00:00<00:00, 446895.88it/s]
working on 383 sections

  0%|          | 0/383 [00:00<?, ?it/s]
100%|██████████| 383/383 [00:00<00:00, 2764919.85it/s]generate segment for channel: 3
working on 384 sections


  0%|          | 0/384 [00:00<?, ?it/s]
100%|██████████| 384/384 [00:00<00:00, 1449696.43it/s]
generate segment for channel: 1
working on 383 sections
generate segment for channel: 1
working on 383 sections

  0%|          | 0/383 [00:00<?, ?it/s]
100%|██████████| 383/383 [00:00<00:00, 1337567.39it/s]generate segment for channel: 3
working on 384 sections


  0%|          | 0/384 [00:00<?, ?it/s]
100%|██████████| 384/384 [00:00<00:00, 1367243.41it/s]
generate segment for channel: 1
working on 348 sections

  0%|          | 0/348 [00:00<?, ?it/s]
100%|██████████| 348/348 [00:00<00:00, 886766.58it/s]generate segment for channel: 3
working on 384 sections


  0%|          | 0/384 [00:00<?, ?it/s]
100%|██████████| 384/384 [00:00<00:00, 1609003.73it/s]
generate segment for channel: 1
working on 0 sections

0it [00:00, ?it/s]
0it [00:00, ?it/s]generate segment for channel: 3
working on 225 sections


  0%|          | 0/225 [00:00<?, ?it/s]
100%|██████████| 225/225 [00:00<00:00, 435093.78it/s]
generate segment for channel: 1
working on 444 sections
  0%|          | 0/444 [00:00<?, ?it/s]100%|██████████| 444/444 [00:00<00:00, 3183369.19it/s]generate segment for channel: 3
working on 0 sections

0it [00:00, ?it/s]0it [00:00, ?it/s]
Traceback (most recent call last):
  File "fix_bad_segments.py", line 2, in <module>
    from lib.TiffSegmentor import TiffSegmentor
  File "/data/programming/preprocessing-pipeline/src/lib/TiffSegmentor.py", line 5, in <module>
    from lib.utilities_process import workernoshell
  File "/data/programming/preprocessing-pipeline/src/lib/utilities_process.py", line 12, in <module>
    from skimage.transform import rescale
  File "/usr/local/share/pipeline/lib/python3.8/site-packages/skimage/transform/__init__.py", line 5, in <module>
    from .radon_transform import (radon, iradon, iradon_sart,
  File "/usr/local/share/pipeline/lib/python3.8/site-packages/skimage/transform/radon_transform.py", line 5, in <module>
    from ._warps import warp
  File "/usr/local/share/pipeline/lib/python3.8/site-packages/skimage/transform/_warps.py", line 7, in <module>
    from ..measure import block_reduce
  File "/usr/local/share/pipeline/lib/python3.8/site-packages/skimage/measure/__init__.py", line 8, in <module>
    from ._polygon import approximate_polygon, subdivide_polygon
  File "/usr/local/share/pipeline/lib/python3.8/site-packages/skimage/measure/_polygon.py", line 2, in <module>
    from scipy import signal
  File "/usr/local/share/pipeline/lib/python3.8/site-packages/scipy/signal/__init__.py", line 299, in <module>
    from .filter_design import *
  File "/usr/local/share/pipeline/lib/python3.8/site-packages/scipy/signal/filter_design.py", line 17, in <module>
    from scipy import special, optimize, fft as sp_fft
  File "/usr/local/share/pipeline/lib/python3.8/site-packages/scipy/optimize/__init__.py", line 387, in <module>
    from .optimize import *
  File "/usr/local/share/pipeline/lib/python3.8/site-packages/scipy/optimize/optimize.py", line 36, in <module>
    from ._numdiff import approx_derivative
  File "/usr/local/share/pipeline/lib/python3.8/site-packages/scipy/optimize/_numdiff.py", line 6, in <module>
    from scipy.sparse.linalg import LinearOperator
  File "/usr/local/share/pipeline/lib/python3.8/site-packages/scipy/sparse/linalg/__init__.py", line 114, in <module>
    from .eigen import *
  File "/usr/local/share/pipeline/lib/python3.8/site-packages/scipy/sparse/linalg/eigen/__init__.py", line 9, in <module>
    from .arpack import *
  File "/usr/local/share/pipeline/lib/python3.8/site-packages/scipy/sparse/linalg/eigen/arpack/__init__.py", line 20, in <module>
    from .arpack import *
  File "<frozen importlib._bootstrap>", line 991, in _find_and_load
  File "<frozen importlib._bootstrap>", line 975, in _find_and_load_unlocked
  File "<frozen importlib._bootstrap>", line 671, in _load_unlocked
  File "<frozen importlib._bootstrap_external>", line 844, in exec_module
  File "<frozen importlib._bootstrap_external>", line 976, in get_code
  File "<frozen importlib._bootstrap_external>", line 640, in _compile_bytecode
KeyboardInterrupt
